Wed Dec 19 2018 21:36:30 GMT-0500 (Eastern Standard Time):GET /about
Wed Dec 19 2018 21:36:46 GMT-0500 (Eastern Standard Time):GET /
Wed Dec 19 2018 21:40:18 GMT-0500 (Eastern Standard Time):GET /
Wed Dec 19 2018 21:40:18 GMT-0500 (Eastern Standard Time):GET /
Wed Dec 19 2018 21:40:58 GMT-0500 (Eastern Standard Time):GET /
Wed Dec 19 2018 21:40:58 GMT-0500 (Eastern Standard Time):GET /
Wed Dec 19 2018 21:41:22 GMT-0500 (Eastern Standard Time):GET /
Wed Dec 19 2018 21:41:22 GMT-0500 (Eastern Standard Time):GET /
Wed Dec 19 2018 21:41:38 GMT-0500 (Eastern Standard Time):GET /
Wed Dec 19 2018 21:41:38 GMT-0500 (Eastern Standard Time):GET /
Wed Dec 19 2018 21:41:41 GMT-0500 (Eastern Standard Time):GET /about
Wed Dec 19 2018 21:41:41 GMT-0500 (Eastern Standard Time):GET /about
Wed Dec 19 2018 21:43:13 GMT-0500 (Eastern Standard Time):GET /about
Wed Dec 19 2018 21:43:13 GMT-0500 (Eastern Standard Time):GET /about
Wed Dec 19 2018 21:43:16 GMT-0500 (Eastern Standard Time):GET /
Wed Dec 19 2018 21:43:16 GMT-0500 (Eastern Standard Time):GET /
Wed Dec 19 2018 21:43:18 GMT-0500 (Eastern Standard Time):GET /
Wed Dec 19 2018 21:43:18 GMT-0500 (Eastern Standard Time):GET /
Wed Dec 19 2018 21:43:20 GMT-0500 (Eastern Standard Time):GET /
Wed Dec 19 2018 21:43:20 GMT-0500 (Eastern Standard Time):GET /
Wed Dec 19 2018 21:43:26 GMT-0500 (Eastern Standard Time):GET /
Wed Dec 19 2018 21:43:26 GMT-0500 (Eastern Standard Time):GET /
Wed Dec 19 2018 21:43:58 GMT-0500 (Eastern Standard Time):GET /
Wed Dec 19 2018 21:43:58 GMT-0500 (Eastern Standard Time):GET /
Wed Dec 19 2018 21:45:23 GMT-0500 (Eastern Standard Time):GET /about
Wed Dec 19 2018 21:45:23 GMT-0500 (Eastern Standard Time):GET /about
Wed Dec 19 2018 21:46:52 GMT-0500 (Eastern Standard Time):GET /about
Wed Dec 19 2018 21:46:52 GMT-0500 (Eastern Standard Time):GET /about
Wed Dec 19 2018 21:46:58 GMT-0500 (Eastern Standard Time):GET /about
Wed Dec 19 2018 21:46:58 GMT-0500 (Eastern Standard Time):GET /about
Wed Dec 19 2018 21:47:04 GMT-0500 (Eastern Standard Time):GET /
Wed Dec 19 2018 21:47:04 GMT-0500 (Eastern Standard Time):GET /
Wed Dec 19 2018 21:47:29 GMT-0500 (Eastern Standard Time):GET /
Wed Dec 19 2018 21:47:29 GMT-0500 (Eastern Standard Time):GET /
Wed Dec 19 2018 21:47:33 GMT-0500 (Eastern Standard Time):GET /
Wed Dec 19 2018 21:47:33 GMT-0500 (Eastern Standard Time):GET /
Wed Dec 19 2018 21:47:33 GMT-0500 (Eastern Standard Time):GET /favicon.ico
Wed Dec 19 2018 21:47:33 GMT-0500 (Eastern Standard Time):GET /favicon.ico
Wed Dec 19 2018 21:49:21 GMT-0500 (Eastern Standard Time):GET /
Wed Dec 19 2018 21:49:21 GMT-0500 (Eastern Standard Time):GET /
Wed Dec 19 2018 21:49:54 GMT-0500 (Eastern Standard Time):GET /
Wed Dec 19 2018 21:49:54 GMT-0500 (Eastern Standard Time):GET /
Wed Dec 19 2018 21:49:56 GMT-0500 (Eastern Standard Time):GET /
Wed Dec 19 2018 21:49:56 GMT-0500 (Eastern Standard Time):GET /
Wed Dec 19 2018 21:50:42 GMT-0500 (Eastern Standard Time):GET /
Wed Dec 19 2018 21:50:42 GMT-0500 (Eastern Standard Time):GET /
Wed Dec 19 2018 21:52:16 GMT-0500 (Eastern Standard Time):GET /
Wed Dec 19 2018 21:52:19 GMT-0500 (Eastern Standard Time):GET /about
Wed Dec 19 2018 21:52:19 GMT-0500 (Eastern Standard Time):GET /
Wed Dec 19 2018 21:52:21 GMT-0500 (Eastern Standard Time):GET /about
Wed Dec 19 2018 21:52:22 GMT-0500 (Eastern Standard Time):GET /
Wed Dec 19 2018 21:52:47 GMT-0500 (Eastern Standard Time):GET /help.html
Wed Dec 19 2018 21:53:01 GMT-0500 (Eastern Standard Time):GET /help.html
Wed Dec 19 2018 21:53:05 GMT-0500 (Eastern Standard Time):GET /help.html
Wed Dec 19 2018 21:53:48 GMT-0500 (Eastern Standard Time):GET /
Wed Dec 19 2018 21:55:51 GMT-0500 (Eastern Standard Time):GET /
Wed Dec 19 2018 21:55:52 GMT-0500 (Eastern Standard Time):GET /
Wed Dec 19 2018 21:56:07 GMT-0500 (Eastern Standard Time):GET /
Wed Dec 19 2018 21:56:10 GMT-0500 (Eastern Standard Time):GET /
Wed Dec 19 2018 21:56:11 GMT-0500 (Eastern Standard Time):GET /favicon.ico
Wed Dec 19 2018 21:56:32 GMT-0500 (Eastern Standard Time):GET /
Wed Dec 19 2018 21:56:34 GMT-0500 (Eastern Standard Time):GET /help.html
Sun Jan 27 2019 21:04:37 GMT-0500 (Eastern Standard Time):GET /
Sun Jan 27 2019 21:04:43 GMT-0500 (Eastern Standard Time):GET /bub
Sun Jan 27 2019 21:05:22 GMT-0500 (Eastern Standard Time):GET /bub
Sun Jan 27 2019 21:05:25 GMT-0500 (Eastern Standard Time):GET /bub
Sun Jan 27 2019 21:05:33 GMT-0500 (Eastern Standard Time):GET /bub
Sun Jan 27 2019 21:05:34 GMT-0500 (Eastern Standard Time):GET /bub
Sun Jan 27 2019 21:08:00 GMT-0500 (Eastern Standard Time):GET /bub
